\BOOKMARK [1][-]{section*.1}{\376\377\000P\000r\000o\000b\000l\000e\000m\000\040\000A\000\051}{}% 1
\BOOKMARK [2][-]{section*.2}{\376\377\0001\000.}{section*.1}% 2
\BOOKMARK [3][-]{section*.3}{\376\377\0002\000.}{section*.2}% 3
\BOOKMARK [3][-]{section*.6}{\376\377\0003\000.}{section*.2}% 4
\BOOKMARK [3][-]{section*.10}{\376\377\0004\000.}{section*.2}% 5
\BOOKMARK [3][-]{section*.11}{\376\377\0005\000.}{section*.2}% 6
\BOOKMARK [1][-]{section*.12}{\376\377\000P\000r\000o\000b\000l\000e\000m\000\040\000B\000\051}{}% 7
\BOOKMARK [2][-]{section*.13}{\376\377\0001\000.}{section*.12}% 8
\BOOKMARK [3][-]{section*.16}{\376\377\0002\000.}{section*.13}% 9
\BOOKMARK [3][-]{section*.19}{\376\377\0003\000.}{section*.13}% 10
\BOOKMARK [3][-]{section*.20}{\376\377\0004\000.}{section*.13}% 11
\BOOKMARK [1][-]{section*.23}{\376\377\000P\000r\000o\000b\000l\000e\000m\000\040\000C\000\051}{}% 12
\BOOKMARK [2][-]{section*.24}{\376\377\0001\000.}{section*.23}% 13
\BOOKMARK [3][-]{section*.25}{\376\377\0002\000.}{section*.24}% 14
\BOOKMARK [3][-]{section*.26}{\376\377\0003\000.}{section*.24}% 15
\BOOKMARK [1][-]{section*.29}{\376\377\000P\000r\000o\000b\000l\000e\000m\000\040\000D\000\051}{}% 16
\BOOKMARK [2][-]{section*.30}{\376\377\0001\000.}{section*.29}% 17
\BOOKMARK [3][-]{section*.31}{\376\377\0002\000.}{section*.30}% 18
\BOOKMARK [3][-]{section*.32}{\376\377\0003\000.}{section*.30}% 19
\BOOKMARK [3][-]{section*.33}{\376\377\0004\000.}{section*.30}% 20
